<?xml version="1.0" encoding="UTF-8"?>
<!-- Generated by org.testng.reporters.JUnitXMLReporter -->
<testsuite hostname="NooNs-MacBook-Air.local" ignored="0" name="RegFirefox" tests="3" failures="0" timestamp="2020-02-23T12:46:58 EST" time="129.513" errors="0">
  <testcase name="f" time="27.498" classname="Run.DatasetofFacebook"/>
  <testcase name="f" time="15.907" classname="Run.DatasetofFacebook"/>
  <testcase name="f" time="15.534" classname="Run.DatasetofFacebook"/>
</testsuite> <!-- RegFirefox -->
