<?xml version="1.0" encoding="UTF-8"?>
<!-- Generated by org.testng.reporters.JUnitXMLReporter -->
<testsuite hostname="NooNs-MacBook-Air.local" ignored="0" name="Regression" tests="3" failures="0" timestamp="2020-02-23T12:44:49 EST" time="96.18" errors="0">
  <testcase name="f" time="13.711" classname="Run.DatasetofFacebook"/>
  <testcase name="f" time="13.355" classname="Run.DatasetofFacebook"/>
  <testcase name="f" time="53.778" classname="Run.DatasetofFacebook"/>
</testsuite> <!-- Regression -->
